<?xml version="1.0" encoding="UTF-8"?>
<testsuite name="StringCalculatorTest" tests="1" skipped="0" failures="0" errors="0" timestamp="2021-06-16T14:31:44" hostname="aejeongui-MacBookPro-2.local" time="0.012">
  <properties/>
  <testcase name="음수일 때 에러" classname="StringCalculatorTest" time="0.012"/>
  <system-out><![CDATA[]]></system-out>
  <system-err><![CDATA[]]></system-err>
</testsuite>
